#
# There is insufficient memory for the Java Runtime Environment to continue.
# Native memory allocation (malloc) failed to allocate 1308176 bytes for Chunk::new
# Possible reasons:
#   The system is out of physical RAM or swap space
#   The process is running with CompressedOops enabled, and the Java Heap may be blocking the growth of the native heap
# Possible solutions:
#   Reduce memory load on the system
#   Increase physical memory or swap space
#   Check if swap backing store is full
#   Decrease Java heap size (-Xmx/-Xms)
#   Decrease number of Java threads
#   Decrease Java thread stack sizes (-Xss)
#   Set larger code cache with -XX:ReservedCodeCacheSize=
#   JVM is running with Unscaled Compressed Oops mode in which the Java heap is
#     placed in the first 4GB address space. The Java Heap base address is the
#     maximum limit for the native heap growth. Please use -XX:HeapBaseMinAddress
#     to set the Java Heap base and to place the Java Heap above 4GB virtual address.
# This output file may be truncated or incomplete.
#
#  Out of Memory Error (allocation.cpp:389), pid=32612, tid=0x0000000000003ed8
#
# JRE version: OpenJDK Runtime Environment (8.0_242-b01) (build 1.8.0_242-release-1644-b01)
# Java VM: OpenJDK 64-Bit Server VM (25.242-b01 mixed mode windows-amd64 compressed oops)
# Failed to write core dump. Minidumps are not enabled by default on client versions of Windows
#

---------------  T H R E A D  ---------------

Current thread (0x0000000016d81800):  JavaThread "C2 CompilerThread0" daemon [_thread_in_native, id=16088, stack(0x00000000183e0000,0x00000000184e0000)]

Stack: [0x00000000183e0000,0x00000000184e0000]
[error occurred during error reporting (printing stack bounds), id 0xc0000005]

Native frames: (J=compiled Java code, j=interpreted, Vv=VM code, C=native code)


Current CompileTask:
C2: 201523 19234       4       com.android.builder.symbols.BytecodeRClassWriterKt::generateResourceTypeClass (595 bytes)


---------------  P R O C E S S  ---------------

Java Threads: ( => current thread )
  0x0000000019fed800 JavaThread "stdout" [_thread_in_native, id=22872, stack(0x0000000025350000,0x0000000025450000)]
  0x0000000019fe6000 JavaThread "stderr" [_thread_in_native, id=23672, stack(0x0000000024d50000,0x0000000024e50000)]
  0x0000000019fe7800 JavaThread "pool-5-thread-1" [_thread_blocked, id=26084, stack(0x0000000024c50000,0x0000000024d50000)]
  0x0000000019fe8000 JavaThread "WorkerExecutor Queue Thread 2" [_thread_blocked, id=9560, stack(0x0000000024b50000,0x0000000024c50000)]
  0x000000001a2bc000 JavaThread "WorkerExecutor Queue" [_thread_blocked, id=23456, stack(0x0000000024a50000,0x0000000024b50000)]
  0x000000001a2ba800 JavaThread "Cache worker for execution history cache (C:\Users\lenovo\Documents\GitHub\ProjectPanda\.gradle\5.6.4\executionHistory)" [_thread_blocked, id=11352, stack(0x0000000024950000,0x0000000024a50000)]
  0x000000001a2b6000 JavaThread "Execution worker for ':' Thread 3" [_thread_in_native, id=11564, stack(0x0000000024450000,0x0000000024550000)]
  0x00000000198d4800 JavaThread "Execution worker for ':' Thread 2" [_thread_in_native, id=27684, stack(0x0000000024150000,0x0000000024250000)]
  0x00000000198d3000 JavaThread "Execution worker for ':'" [_thread_in_native, id=4960, stack(0x0000000023d70000,0x0000000023e70000)]
  0x00000000198d1800 JavaThread "Cache worker for file content cache (C:\Users\lenovo\Documents\GitHub\ProjectPanda\.gradle\5.6.4\fileContent)" [_thread_blocked, id=24672, stack(0x0000000023c70000,0x0000000023d70000)]
  0x00000000198cf800 JavaThread "Cache worker for Build Output Cleanup Cache (C:\Users\lenovo\Documents\GitHub\ProjectPanda\.gradle\buildOutputCleanup)" [_thread_blocked, id=27904, stack(0x0000000023970000,0x0000000023a70000)]
  0x00000000198d5800 JavaThread "pool-4-thread-1" [_thread_blocked, id=16188, stack(0x0000000022c70000,0x0000000022d70000)]
  0x0000000019dff800 JavaThread "Build operations Thread 4" [_thread_blocked, id=26496, stack(0x0000000022970000,0x0000000022a70000)]
  0x0000000019dff000 JavaThread "Build operations Thread 3" [_thread_blocked, id=968, stack(0x0000000021220000,0x0000000021320000)]
  0x0000000019dfe000 JavaThread "Build operations Thread 2" [_thread_blocked, id=29092, stack(0x0000000021120000,0x0000000021220000)]
  0x0000000019e01000 JavaThread "Build operations" [_thread_blocked, id=27556, stack(0x0000000021020000,0x0000000021120000)]
  0x0000000019df6800 JavaThread "Cache worker for cache directory md-rule (C:\Users\lenovo\.gradle\caches\5.6.4\md-rule)" [_thread_blocked, id=22152, stack(0x0000000020c20000,0x0000000020d20000)]
  0x0000000019df8000 JavaThread "Cache worker for cache directory md-supplier (C:\Users\lenovo\.gradle\caches\5.6.4\md-supplier)" [_thread_blocked, id=17964, stack(0x0000000020700000,0x0000000020800000)]
  0x0000000019df5800 JavaThread "Cache worker for file hash cache (C:\Users\lenovo\Documents\GitHub\ProjectPanda\.gradle\5.6.4\fileHashes)" [_thread_blocked, id=26220, stack(0x000000001c600000,0x000000001c700000)]
  0x0000000019dfc800 JavaThread "Thread-42" [_thread_blocked, id=26984, stack(0x000000001c300000,0x000000001c400000)]
  0x0000000019df5000 JavaThread "Stdin handler" [_thread_blocked, id=31868, stack(0x000000001c200000,0x000000001c300000)]
  0x0000000019dfc000 JavaThread "Asynchronous log dispatcher for DefaultDaemonConnection: socket connection from /127.0.0.1:59454 to /127.0.0.1:59492" [_thread_blocked, id=25260, stack(0x000000001bf00000,0x000000001c000000)]
  0x0000000019df4000 JavaThread "Daemon worker Thread 2" [_thread_in_native, id=22912, stack(0x000000001be00000,0x000000001bf00000)]
  0x0000000019dfb000 JavaThread "Cancel handler" [_thread_blocked, id=25396, stack(0x00000000016f0000,0x00000000017f0000)]
  0x0000000019df3800 JavaThread "Handler for socket connection from /127.0.0.1:59454 to /127.0.0.1:59492" [_thread_in_native, id=12236, stack(0x00000000015f0000,0x00000000016f0000)]
  0x0000000019df2000 JavaThread "Daemon Thread 2" [_thread_blocked, id=14604, stack(0x00000000013d0000,0x00000000014d0000)]
  0x00000000198d4000 JavaThread "Cache worker for Java compile cache (C:\Users\lenovo\.gradle\caches\5.6.4\javaCompile)" [_thread_blocked, id=18204, stack(0x0000000025250000,0x0000000025350000)]
  0x0000000019dfa800 JavaThread "Cache worker for file content cache (C:\Users\lenovo\.gradle\caches\5.6.4\fileContent)" [_thread_blocked, id=21840, stack(0x0000000023870000,0x0000000023970000)]
  0x0000000019df2800 JavaThread "Memory manager" [_thread_blocked, id=31388, stack(0x0000000023770000,0x0000000023870000)]
  0x0000000019df9000 JavaThread "Cache worker for execution history cache (C:\Users\lenovo\.gradle\caches\5.6.4\executionHistory)" [_thread_blocked, id=14192, stack(0x0000000020d20000,0x0000000020e20000)]
  0x000000001a2b7800 JavaThread "Cache worker for journal cache (C:\Users\lenovo\.gradle\caches\journal-1)" [_thread_blocked, id=20556, stack(0x000000001cb00000,0x000000001cc00000)]
  0x000000001a2b7000 JavaThread "File lock request listener" [_thread_in_native, id=20992, stack(0x000000001ca00000,0x000000001cb00000)]
  0x000000001a2b9000 JavaThread "Cache worker for file hash cache (C:\Users\lenovo\.gradle\caches\5.6.4\fileHashes)" [_thread_blocked, id=12676, stack(0x000000001c900000,0x000000001ca00000)]
  0x000000001a7af800 JavaThread "Daemon periodic checks" [_thread_blocked, id=9132, stack(0x000000001bd00000,0x000000001be00000)]
  0x00000000198df800 JavaThread "Incoming local TCP Connector on port 59454" [_thread_in_native, id=6816, stack(0x000000001bac0000,0x000000001bbc0000)]
  0x000000001a677000 JavaThread "Daemon health stats" [_thread_blocked, id=23196, stack(0x000000001b480000,0x000000001b580000)]
  0x0000000018706000 JavaThread "Service Thread" daemon [_thread_blocked, id=12944, stack(0x0000000018ae0000,0x0000000018be0000)]
  0x0000000016d99800 JavaThread "C1 CompilerThread2" daemon [_thread_blocked, id=22264, stack(0x00000000185e0000,0x00000000186e0000)]
  0x0000000016d95000 JavaThread "C2 CompilerThread1" daemon [_thread_in_native, id=22008, stack(0x00000000184e0000,0x00000000185e0000)]
=>0x0000000016d81800 JavaThread "C2 CompilerThread0" daemon [_thread_in_native, id=16088, stack(0x00000000183e0000,0x00000000184e0000)]
  0x0000000016d87800 JavaThread "Attach Listener" daemon [_thread_blocked, id=29104, stack(0x00000000182e0000,0x00000000183e0000)]
  0x0000000016d86000 JavaThread "Signal Dispatcher" daemon [_thread_blocked, id=24152, stack(0x00000000181e0000,0x00000000182e0000)]
  0x0000000001f4c800 JavaThread "Finalizer" daemon [_thread_blocked, id=30420, stack(0x0000000017fe0000,0x00000000180e0000)]
  0x0000000016d69000 JavaThread "Reference Handler" daemon [_thread_blocked, id=8708, stack(0x0000000017ee0000,0x0000000017fe0000)]
  0x0000000001e4e800 JavaThread "main" [_thread_blocked, id=22344, stack(0x0000000001d00000,0x0000000001e00000)]

Other Threads:
  0x0000000016d47800 VMThread [stack: 0x0000000017de0000,0x0000000017ee0000] [id=20716]
  0x0000000018706800 WatcherThread [stack: 0x0000000018be0000,0x0000000018ce0000] [id=23624]

VM state:not at safepoint (normal execution)

VM Mutex/Monitor currently owned by a thread: None

heap address: 0x00000000a0000000, size: 1536 MB, Compressed Oops mode: 32-bit
Narrow klass base: 0x0000000000000000, Narrow klass shift: 3
Compressed class space size: 1073741824 Address: 0x0000000100000000

Heap:
 PSYoungGen      total 419328K, used 306293K [0x00000000e0000000, 0x0000000100000000, 0x0000000100000000)
  eden space 310784K, 98% used [0x00000000e0000000,0x00000000f2b1d468,0x00000000f2f80000)
  from space 108544K, 0% used [0x00000000f9600000,0x00000000f9600000,0x0000000100000000)
  to   space 104960K, 0% used [0x00000000f2f80000,0x00000000f2f80000,0x00000000f9600000)
 ParOldGen       total 294912K, used 89883K [0x00000000a0000000, 0x00000000b2000000, 0x00000000e0000000)
  object space 294912K, 30% used [0x00000000a0000000,0x00000000a57c6cb0,0x00000000b2000000)
 Metaspace       used 90318K, capacity 94068K, committed 94168K, reserved 1130496K
  class space    used 11735K, capacity 12496K, committed 12504K, reserved 1048576K

Card table byte_map: [0x00000000127d0000,0x0000000012ae0000] byte_map_base: 0x00000000122d0000

Marking Bits: (ParMarkBitMap*) 0x0000000060ebf030
 Begin Bits: [0x00000000130e0000, 0x00000000148e0000)
 End Bits:   [0x00000000148e0000, 0x00000000160e0000)

Polling page: 0x0000000001850000

CodeCache: size=245760Kb used=52687Kb max_used=52691Kb free=193072Kb
 bounds [0x0000000003410000, 0x00000000067d0000, 0x0000000012410000]
 total_blobs=16239 nmethods=15361 adapters=788
 compilation: enabled

Compilation events (10 events):
Event: 201.192 Thread 0x0000000016d99800 19277       1       org.gradle.api.internal.tasks.properties.AbstractFilePropertySpec::getNormalizer (5 bytes)
Event: 201.192 Thread 0x0000000016d99800 nmethod 19277 0x0000000003939090 code [0x00000000039391e0, 0x00000000039392f0]
Event: 201.239 Thread 0x0000000016d99800 19279       3       org.gradle.api.internal.AbstractTask::getIdentityPath (8 bytes)
Event: 201.239 Thread 0x0000000016d99800 nmethod 19279 0x0000000003f61710 code [0x0000000003f61860, 0x0000000003f619b0]
Event: 201.240 Thread 0x0000000016d99800 19280       3       com.google.common.collect.ImmutableSortedSet$Builder::<init> (16 bytes)
Event: 201.249 Thread 0x0000000016d99800 nmethod 19280 0x00000000043b3390 code [0x00000000043b3540, 0x00000000043b3a78]
Event: 201.249 Thread 0x0000000016d99800 19282       3       org.gradle.api.internal.file.CompositeFileCollection::visitLeafCollections (40 bytes)
Event: 201.249 Thread 0x0000000016d99800 nmethod 19282 0x0000000004297550 code [0x0000000004297720, 0x0000000004297de8]
Event: 201.249 Thread 0x0000000016d99800 19281       3       com.google.common.collect.ImmutableSortedSet$Builder::build (36 bytes)
Event: 201.250 Thread 0x0000000016d99800 nmethod 19281 0x0000000005e866d0 code [0x0000000005e86840, 0x0000000005e86ab8]

GC Heap History (10 events):
Event: 55.897 GC heap before
{Heap before GC invocations=23 (full 4):
 PSYoungGen      total 306688K, used 53739K [0x00000000e0000000, 0x00000000fe200000, 0x0000000100000000)
  eden space 252928K, 0% used [0x00000000e0000000,0x00000000e0000000,0x00000000ef700000)
  from space 53760K, 99% used [0x00000000ef700000,0x00000000f2b7ae20,0x00000000f2b80000)
  to   space 91648K, 0% used [0x00000000f8880000,0x00000000f8880000,0x00000000fe200000)
 ParOldGen       total 158720K, used 158647K [0x00000000a0000000, 0x00000000a9b00000, 0x00000000e0000000)
  object space 158720K, 99% used [0x00000000a0000000,0x00000000a9aedd80,0x00000000a9b00000)
 Metaspace       used 82840K, capacity 86652K, committed 86872K, reserved 1124352K
  class space    used 11000K, capacity 11754K, committed 11864K, reserved 1048576K
Event: 57.238 GC heap after
Heap after GC invocations=23 (full 4):
 PSYoungGen      total 306688K, used 26429K [0x00000000e0000000, 0x00000000fe200000, 0x0000000100000000)
  eden space 252928K, 0% used [0x00000000e0000000,0x00000000e0000000,0x00000000ef700000)
  from space 53760K, 49% used [0x00000000ef700000,0x00000000f10cf488,0x00000000f2b80000)
  to   space 91648K, 0% used [0x00000000f8880000,0x00000000f8880000,0x00000000fe200000)
 ParOldGen       total 326144K, used 158541K [0x00000000a0000000, 0x00000000b3e80000, 0x00000000e0000000)
  object space 326144K, 48% used [0x00000000a0000000,0x00000000a9ad3730,0x00000000b3e80000)
 Metaspace       used 82594K, capacity 85994K, committed 86872K, reserved 1124352K
  class space    used 10916K, capacity 11605K, committed 11864K, reserved 1048576K
}
Event: 60.004 GC heap before
{Heap before GC invocations=24 (full 4):
 PSYoungGen      total 306688K, used 279357K [0x00000000e0000000, 0x00000000fe200000, 0x0000000100000000)
  eden space 252928K, 100% used [0x00000000e0000000,0x00000000ef700000,0x00000000ef700000)
  from space 53760K, 49% used [0x00000000ef700000,0x00000000f10cf488,0x00000000f2b80000)
  to   space 91648K, 0% used [0x00000000f8880000,0x00000000f8880000,0x00000000fe200000)
 ParOldGen       total 326144K, used 158541K [0x00000000a0000000, 0x00000000b3e80000, 0x00000000e0000000)
  object space 326144K, 48% used [0x00000000a0000000,0x00000000a9ad3730,0x00000000b3e80000)
 Metaspace       used 82693K, capacity 86094K, committed 86872K, reserved 1124352K
  class space    used 10929K, capacity 11611K, committed 11864K, reserved 1048576K
Event: 60.276 GC heap after
Heap after GC invocations=24 (full 4):
 PSYoungGen      total 344576K, used 91616K [0x00000000e0000000, 0x00000000fe200000, 0x0000000100000000)
  eden space 252928K, 0% used [0x00000000e0000000,0x00000000e0000000,0x00000000ef700000)
  from space 91648K, 99% used [0x00000000f8880000,0x00000000fe1f80f0,0x00000000fe200000)
  to   space 53760K, 0% used [0x00000000ef700000,0x00000000ef700000,0x00000000f2b80000)
 ParOldGen       total 326144K, used 173028K [0x00000000a0000000, 0x00000000b3e80000, 0x00000000e0000000)
  object space 326144K, 53% used [0x00000000a0000000,0x00000000aa8f9340,0x00000000b3e80000)
 Metaspace       used 82693K, capacity 86094K, committed 86872K, reserved 1124352K
  class space    used 10929K, capacity 11611K, committed 11864K, reserved 1048576K
}
Event: 63.396 GC heap before
{Heap before GC invocations=25 (full 4):
 PSYoungGen      total 344576K, used 344544K [0x00000000e0000000, 0x00000000fe200000, 0x0000000100000000)
  eden space 252928K, 100% used [0x00000000e0000000,0x00000000ef700000,0x00000000ef700000)
  from space 91648K, 99% used [0x00000000f8880000,0x00000000fe1f80f0,0x00000000fe200000)
  to   space 53760K, 0% used [0x00000000ef700000,0x00000000ef700000,0x00000000f2b80000)
 ParOldGen       total 326144K, used 173028K [0x00000000a0000000, 0x00000000b3e80000, 0x00000000e0000000)
  object space 326144K, 53% used [0x00000000a0000000,0x00000000aa8f9340,0x00000000b3e80000)
 Metaspace       used 82752K, capacity 86140K, committed 86872K, reserved 1124352K
  class space    used 10936K, capacity 11644K, committed 11864K, reserved 1048576K
Event: 64.000 GC heap after
Heap after GC invocations=25 (full 4):
 PSYoungGen      total 306688K, used 47866K [0x00000000e0000000, 0x0000000100000000, 0x0000000100000000)
  eden space 252928K, 0% used [0x00000000e0000000,0x00000000e0000000,0x00000000ef700000)
  from space 53760K, 89% used [0x00000000ef700000,0x00000000f25bea50,0x00000000f2b80000)
  to   space 108544K, 0% used [0x00000000f9600000,0x00000000f9600000,0x0000000100000000)
 ParOldGen       total 326144K, used 261419K [0x00000000a0000000, 0x00000000b3e80000, 0x00000000e0000000)
  object space 326144K, 80% used [0x00000000a0000000,0x00000000aff4afa8,0x00000000b3e80000)
 Metaspace       used 82752K, capacity 86140K, committed 86872K, reserved 1124352K
  class space    used 10936K, capacity 11644K, committed 11864K, reserved 1048576K
}
Event: 74.652 GC heap before
{Heap before GC invocations=26 (full 4):
 PSYoungGen      total 306688K, used 300794K [0x00000000e0000000, 0x0000000100000000, 0x0000000100000000)
  eden space 252928K, 100% used [0x00000000e0000000,0x00000000ef700000,0x00000000ef700000)
  from space 53760K, 89% used [0x00000000ef700000,0x00000000f25bea50,0x00000000f2b80000)
  to   space 108544K, 0% used [0x00000000f9600000,0x00000000f9600000,0x0000000100000000)
 ParOldGen       total 326144K, used 261419K [0x00000000a0000000, 0x00000000b3e80000, 0x00000000e0000000)
  object space 326144K, 80% used [0x00000000a0000000,0x00000000aff4afa8,0x00000000b3e80000)
 Metaspace       used 85626K, capacity 89258K, committed 89560K, reserved 1126400K
  class space    used 11408K, capacity 12149K, committed 12248K, reserved 1048576K
Event: 74.711 GC heap after
Heap after GC invocations=26 (full 4):
 PSYoungGen      total 419328K, used 20925K [0x00000000e0000000, 0x0000000100000000, 0x0000000100000000)
  eden space 310784K, 0% used [0x00000000e0000000,0x00000000e0000000,0x00000000f2f80000)
  from space 108544K, 19% used [0x00000000f9600000,0x00000000faa6f410,0x0000000100000000)
  to   space 104960K, 0% used [0x00000000f2f80000,0x00000000f2f80000,0x00000000f9600000)
 ParOldGen       total 326144K, used 270623K [0x00000000a0000000, 0x00000000b3e80000, 0x00000000e0000000)
  object space 326144K, 82% used [0x00000000a0000000,0x00000000b0847fc8,0x00000000b3e80000)
 Metaspace       used 85626K, capacity 89258K, committed 89560K, reserved 1126400K
  class space    used 11408K, capacity 12149K, committed 12248K, reserved 1048576K
}
Event: 74.712 GC heap before
{Heap before GC invocations=27 (full 5):
 PSYoungGen      total 419328K, used 20925K [0x00000000e0000000, 0x0000000100000000, 0x0000000100000000)
  eden space 310784K, 0% used [0x00000000e0000000,0x00000000e0000000,0x00000000f2f80000)
  from space 108544K, 19% used [0x00000000f9600000,0x00000000faa6f410,0x0000000100000000)
  to   space 104960K, 0% used [0x00000000f2f80000,0x00000000f2f80000,0x00000000f9600000)
 ParOldGen       total 326144K, used 270623K [0x00000000a0000000, 0x00000000b3e80000, 0x00000000e0000000)
  object space 326144K, 82% used [0x00000000a0000000,0x00000000b0847fc8,0x00000000b3e80000)
 Metaspace       used 85626K, capacity 89258K, committed 89560K, reserved 1126400K
  class space    used 11408K, capacity 12149K, committed 12248K, reserved 1048576K
Event: 74.993 GC heap after
Heap after GC invocations=27 (full 5):
 PSYoungGen      total 419328K, used 0K [0x00000000e0000000, 0x0000000100000000, 0x0000000100000000)
  eden space 310784K, 0% used [0x00000000e0000000,0x00000000e0000000,0x00000000f2f80000)
  from space 108544K, 0% used [0x00000000f9600000,0x00000000f9600000,0x0000000100000000)
  to   space 104960K, 0% used [0x00000000f2f80000,0x00000000f2f80000,0x00000000f9600000)
 ParOldGen       total 294912K, used 89883K [0x00000000a0000000, 0x00000000b2000000, 0x00000000e0000000)
  object space 294912K, 30% used [0x00000000a0000000,0x00000000a57c6cb0,0x00000000b2000000)
 Metaspace       used 85626K, capacity 89258K, committed 89560K, reserved 1126400K
  class space    used 11408K, capacity 12149K, committed 12248K, reserved 1048576K
}

Deoptimization events (10 events):
Event: 195.838 Thread 0x00000000198d3000 Uncommon trap: reason=class_check action=maybe_recompile pc=0x0000000005f8b100 method=com.google.common.collect.Lists.indexOfRandomAccess(Ljava/util/List;Ljava/lang/Object;)I @ 54
Event: 195.955 Thread 0x00000000198d3000 Uncommon trap: reason=unstable_if action=reinterpret pc=0x0000000005e36424 method=java.util.HashMap.removeNode(ILjava/lang/Object;Ljava/lang/Object;ZZ)Ljava/util/HashMap$Node; @ 71
Event: 196.060 Thread 0x00000000198d3000 Uncommon trap: reason=class_check action=maybe_recompile pc=0x0000000004d5ee14 method=java.io.Writer.write(Ljava/lang/String;)V @ 7
Event: 196.060 Thread 0x00000000198d3000 Uncommon trap: reason=unstable_if action=reinterpret pc=0x000000000635cf58 method=sun.nio.cs.SingleByte$Encoder.encodeArrayLoop(Ljava/nio/CharBuffer;Ljava/nio/ByteBuffer;)Ljava/nio/charset/CoderResult; @ 70
Event: 196.072 Thread 0x00000000198d3000 Uncommon trap: reason=unstable_if action=reinterpret pc=0x0000000003ddde2c method=org.gradle.internal.logging.text.AbstractLineChoppingStyledTextOutput$2.execute(Lorg/gradle/internal/logging/text/AbstractLineChoppingStyledTextOutput$StateContext;)V @ 30
Event: 196.073 Thread 0x00000000198d3000 Uncommon trap: reason=class_check action=maybe_recompile pc=0x00000000065390dc method=org.gradle.internal.operations.logging.LoggingBuildOperationProgressBroadcaster.onOutput(Lorg/gradle/internal/logging/events/OutputEvent;)V @ 8
Event: 196.087 Thread 0x00000000198d3000 Uncommon trap: reason=class_check action=maybe_recompile pc=0x0000000004d5ee14 method=java.io.Writer.write(Ljava/lang/String;)V @ 7
Event: 196.170 Thread 0x00000000198d3000 Uncommon trap: reason=unstable_if action=reinterpret pc=0x000000000672d2b8 method=com.google.common.base.Ascii.toUpperCase(Ljava/lang/String;)Ljava/lang/String; @ 9
Event: 196.487 Thread 0x00000000198d4800 Uncommon trap: reason=bimorphic action=maybe_recompile pc=0x000000000622d260 method=java.util.stream.SortedOps$SizedRefSortingSink.end()V @ 25
Event: 198.526 Thread 0x0000000019dfc800 Uncommon trap: reason=unstable_if action=reinterpret pc=0x0000000004f40e24 method=java.util.concurrent.locks.AbstractQueuedSynchronizer$ConditionObject.awaitNanos(J)J @ 73

Classes redefined (0 events):
No events

Internal exceptions (10 events):
Event: 75.209 Thread 0x00000000191b4000 Exception <a 'java/lang/NoSuchMethodError': <clinit>> (0x00000000e13d4bc8) thrown at [C:\src\AOSP-openjdk-git\hotspot\src\share\vm\prims\jni.cpp, line 1615]
Event: 75.210 Thread 0x00000000191b4000 Exception <a 'java/lang/NoSuchMethodError': <clinit>> (0x00000000e13df380) thrown at [C:\src\AOSP-openjdk-git\hotspot\src\share\vm\prims\jni.cpp, line 1615]
Event: 75.213 Thread 0x00000000191b4000 Exception <a 'java/lang/NoSuchMethodError': <clinit>> (0x00000000e13f8d00) thrown at [C:\src\AOSP-openjdk-git\hotspot\src\share\vm\prims\jni.cpp, line 1615]
Event: 75.215 Thread 0x00000000191b4000 Exception <a 'java/lang/NoSuchMethodError': <clinit>> (0x00000000e1409890) thrown at [C:\src\AOSP-openjdk-git\hotspot\src\share\vm\prims\jni.cpp, line 1615]
Event: 189.242 Thread 0x0000000019df4000 Implicit null exception at 0x0000000005f531b9 to 0x0000000005f57abd
Event: 189.866 Thread 0x0000000019df4000 Exception <a 'sun/nio/fs/WindowsException'> (0x00000000e3388e80) thrown at [C:\src\AOSP-openjdk-git\hotspot\src\share\vm\prims\jni.cpp, line 710]
Event: 195.820 Thread 0x00000000198d3000 Implicit null exception at 0x00000000036b5b16 to 0x00000000036b5eb1
Event: 195.821 Thread 0x00000000198d3000 Implicit null exception at 0x0000000003648356 to 0x00000000036486e9
Event: 200.397 Thread 0x000000001a2bc000 Exception <a 'sun/nio/fs/WindowsException'> (0x00000000eff13870) thrown at [C:\src\AOSP-openjdk-git\hotspot\src\share\vm\prims\jni.cpp, line 710]
Event: 200.398 Thread 0x000000001a2bc000 Exception <a 'sun/nio/fs/WindowsException'> (0x00000000eff13d18) thrown at [C:\src\AOSP-openjdk-git\hotspot\src\share\vm\prims\jni.cpp, line 710]

Events (10 events):
Event: 200.843 Thread 0x0000000016d99800 flushing nmethod 0x00000000042aee90
Event: 200.844 Thread 0x0000000016d99800 flushing nmethod 0x00000000043b3090
Event: 200.844 Thread 0x0000000016d99800 flushing nmethod 0x00000000043b4050
Event: 200.862 Thread 0x0000000016d99800 flushing nmethod 0x0000000004a90f50
Event: 200.900 Thread 0x0000000016d99800 flushing nmethod 0x00000000054b1510
Event: 201.060 Thread 0x0000000016d95000 flushing nmethod 0x0000000005e86510
Event: 201.188 Executing VM operation: RevokeBias
Event: 201.189 Executing VM operation: RevokeBias done
Event: 201.240 Executing VM operation: RevokeBias
Event: 201.240 Executing VM operation: RevokeBias done


Dynamic libraries:
0x00007ff7a1de0000 - 0x00007ff7a1e11000 	C:\Program Files\Android\Android Studio\jre\bin\java.exe
0x00007ff8b6dc0000 - 0x00007ff8b6fb0000 	C:\WINDOWS\SYSTEM32\ntdll.dll
0x00007ff8b5e80000 - 0x00007ff8b5f32000 	C:\WINDOWS\System32\KERNEL32.DLL
0x00007ff8b4580000 - 0x00007ff8b4824000 	C:\WINDOWS\System32\KERNELBASE.dll
0x00007ff8b4ea0000 - 0x00007ff8b4f43000 	C:\WINDOWS\System32\ADVAPI32.dll
0x00007ff8b6bf0000 - 0x00007ff8b6c8e000 	C:\WINDOWS\System32\msvcrt.dll
0x00007ff8b6130000 - 0x00007ff8b61c7000 	C:\WINDOWS\System32\sechost.dll
0x00007ff8b62a0000 - 0x00007ff8b63c0000 	C:\WINDOWS\System32\RPCRT4.dll
0x00007ff8b5ce0000 - 0x00007ff8b5e74000 	C:\WINDOWS\System32\USER32.dll
0x00007ff8b4ca0000 - 0x00007ff8b4cc1000 	C:\WINDOWS\System32\win32u.dll
0x00007ff8b4e70000 - 0x00007ff8b4e96000 	C:\WINDOWS\System32\GDI32.dll
0x00007ff8b4cd0000 - 0x00007ff8b4e65000 	C:\WINDOWS\System32\gdi32full.dll
0x00007ff8b4a20000 - 0x00007ff8b4abe000 	C:\WINDOWS\System32\msvcp_win.dll
0x00007ff8b4830000 - 0x00007ff8b492a000 	C:\WINDOWS\System32\ucrtbase.dll
0x00007ff8a5b60000 - 0x00007ff8a5de4000 	C:\WINDOWS\WinSxS\amd64_microsoft.windows.common-controls_6595b64144ccf1df_6.0.18362.900_none_e6beb9d913147d17\COMCTL32.dll
0x00007ff8b5260000 - 0x00007ff8b5595000 	C:\WINDOWS\System32\combase.dll
0x00007ff8b4930000 - 0x00007ff8b49b0000 	C:\WINDOWS\System32\bcryptPrimitives.dll
0x00007ff8b55a0000 - 0x00007ff8b55ce000 	C:\WINDOWS\System32\IMM32.DLL
0x00000000617a0000 - 0x0000000061872000 	C:\Program Files\Android\Android Studio\jre\jre\bin\msvcr100.dll
0x00000000606f0000 - 0x0000000060f3b000 	C:\Program Files\Android\Android Studio\jre\jre\bin\server\jvm.dll
0x00007ff8b4f50000 - 0x00007ff8b4f58000 	C:\WINDOWS\System32\PSAPI.DLL
0x00007ff8ab8a0000 - 0x00007ff8ab8aa000 	C:\WINDOWS\SYSTEM32\VERSION.dll
0x00007ff8ab190000 - 0x00007ff8ab1b4000 	C:\WINDOWS\SYSTEM32\WINMM.dll
0x00007ff8a9980000 - 0x00007ff8a9989000 	C:\WINDOWS\SYSTEM32\WSOCK32.dll
0x00007ff8ab160000 - 0x00007ff8ab18d000 	C:\WINDOWS\SYSTEM32\winmmbase.dll
0x00007ff8b49d0000 - 0x00007ff8b4a1a000 	C:\WINDOWS\System32\cfgmgr32.dll
0x00007ff8b60c0000 - 0x00007ff8b612f000 	C:\WINDOWS\System32\ws2_32.DLL
0x00007ff8b0a20000 - 0x00007ff8b0a2f000 	C:\Program Files\Android\Android Studio\jre\jre\bin\verify.dll
0x00007ff8af420000 - 0x00007ff8af449000 	C:\Program Files\Android\Android Studio\jre\jre\bin\java.dll
0x00007ff8b02a0000 - 0x00007ff8b02b6000 	C:\Program Files\Android\Android Studio\jre\jre\bin\zip.dll
0x00007ff8b63c0000 - 0x00007ff8b6aa6000 	C:\WINDOWS\System32\SHELL32.dll
0x00007ff8b5c00000 - 0x00007ff8b5ca9000 	C:\WINDOWS\System32\shcore.dll
0x00007ff8b3d50000 - 0x00007ff8b44d0000 	C:\WINDOWS\System32\windows.storage.dll
0x00007ff8b3d00000 - 0x00007ff8b3d23000 	C:\WINDOWS\System32\profapi.dll
0x00007ff8b3c90000 - 0x00007ff8b3cda000 	C:\WINDOWS\System32\powrprof.dll
0x00007ff8b3c80000 - 0x00007ff8b3c90000 	C:\WINDOWS\System32\UMPDC.dll
0x00007ff8b4fe0000 - 0x00007ff8b5032000 	C:\WINDOWS\System32\shlwapi.dll
0x00007ff8b3ce0000 - 0x00007ff8b3cf1000 	C:\WINDOWS\System32\kernel.appcore.dll
0x00007ff8b49b0000 - 0x00007ff8b49c7000 	C:\WINDOWS\System32\cryptsp.dll
0x00007ff8affe0000 - 0x00007ff8afffa000 	C:\Program Files\Android\Android Studio\jre\jre\bin\net.dll
0x00007ff8b3490000 - 0x00007ff8b34f7000 	C:\WINDOWS\system32\mswsock.dll
0x00007ff8afc60000 - 0x00007ff8afc73000 	C:\Program Files\Android\Android Studio\jre\jre\bin\nio.dll
0x00007ff8aa700000 - 0x00007ff8aa726000 	C:\Users\lenovo\.gradle\native\30\windows-amd64\native-platform.dll
0x00007ff8b0a10000 - 0x00007ff8b0a1d000 	C:\Program Files\Android\Android Studio\jre\jre\bin\management.dll
0x00007ff8b3000000 - 0x00007ff8b3033000 	C:\WINDOWS\system32\rsaenh.dll
0x00007ff8b4c70000 - 0x00007ff8b4c96000 	C:\WINDOWS\System32\bcrypt.dll
0x00007ff8b3ba0000 - 0x00007ff8b3bc5000 	C:\WINDOWS\SYSTEM32\USERENV.dll
0x00007ff8b3660000 - 0x00007ff8b366c000 	C:\WINDOWS\SYSTEM32\CRYPTBASE.dll
0x00007ff8b31a0000 - 0x00007ff8b31da000 	C:\WINDOWS\SYSTEM32\IPHLPAPI.DLL
0x00007ff8b5cb0000 - 0x00007ff8b5cb8000 	C:\WINDOWS\System32\NSI.dll
0x00007ff8adbc0000 - 0x00007ff8adbd6000 	C:\WINDOWS\SYSTEM32\dhcpcsvc6.DLL
0x00007ff8adac0000 - 0x00007ff8adadc000 	C:\WINDOWS\SYSTEM32\dhcpcsvc.DLL
0x00007ff8b31e0000 - 0x00007ff8b32ab000 	C:\WINDOWS\SYSTEM32\DNSAPI.dll

VM Arguments:
jvm_args: -Xmx1536m -Dfile.encoding=windows-1252 -Duser.country=US -Duser.language=en -Duser.variant 
java_command: org.gradle.launcher.daemon.bootstrap.GradleDaemon 5.6.4
java_class_path (initial): C:\Users\lenovo\.gradle\wrapper\dists\gradle-5.6.4-all\ankdp27end7byghfw1q2sw75f\gradle-5.6.4\lib\gradle-launcher-5.6.4.jar
Launcher Type: SUN_STANDARD

Environment Variables:
PATH=C:\Program Files (x86)\Common Files\Oracle\Java\javapath;C:\Program Files (x86)\NVIDIA Corporation\PhysX\Common;C:\ProgramData\Oracle\Java\javapath;C:\WINDOWS\system32;C:\WINDOWS;C:\WINDOWS\System32\Wbem;C:\WINDOWS\System32\WindowsPowerShell\v1.0\;C:\TDM-GCC-32\bin;C:\Program Files (x86)\Skype\Phone\;C:\Program Files\nodejs\;C:\WINDOWS\System32\OpenSSH\;C:\Sdk\tools;C:\Sdk\platform-tools;C:\Sdk\tools\bin;C:\Users\lenovo\AppData\Local\Programs\Python\Python38\Scripts\;C:\Users\lenovo\AppData\Local\Programs\Python\Python38\;C:\Ruby26-x64\bin;C:\Ruby27-x64\bin;C:\Ruby23\bin;C:\Users\lenovo\AppData\Local\Microsoft\WindowsApps;C:\Users\lenovo\AppData\Local\GitHubDesktop\bin;C:\Users\lenovo\AppData\Roaming\npm;C:\Users\lenovo\AppData\Local\Microsoft\WindowsApps
USERNAME=lenovo
OS=Windows_NT
PROCESSOR_IDENTIFIER=Intel64 Family 6 Model 61 Stepping 4, GenuineIntel



---------------  S Y S T E M  ---------------

OS: Windows 10.0 , 64 bit Build 18362 (10.0.18362.900)

CPU:total 4 (initial active 4) (2 cores per cpu, 2 threads per core) family 6 model 61 stepping 4, cmov, cx8, fxsr, mmx, sse, sse2, sse3, ssse3, sse4.1, sse4.2, popcnt, avx, avx2, aes, clmul, erms, 3dnowpref, lzcnt, ht, tsc, tscinvbit, bmi1, bmi2, adx

Memory: 4k page, physical 8304292k(434904k free), swap 23703900k(5620k free)

vm_info: OpenJDK 64-Bit Server VM (25.242-b01) for windows-amd64 JRE (1.8.0_242-release-1644-b01), built by "builder" with MS VC++ 10.0 (VS2010)

time: Sun Jun 28 04:33:09 2020
timezone: GTB Daylight Time
elapsed time: 201 seconds (0d 0h 3m 21s)

