#
# There is insufficient memory for the Java Runtime Environment to continue.
# Native memory allocation (malloc) failed to allocate 1075376 bytes for Chunk::new
# Possible reasons:
#   The system is out of physical RAM or swap space
#   The process is running with CompressedOops enabled, and the Java Heap may be blocking the growth of the native heap
# Possible solutions:
#   Reduce memory load on the system
#   Increase physical memory or swap space
#   Check if swap backing store is full
#   Decrease Java heap size (-Xmx/-Xms)
#   Decrease number of Java threads
#   Decrease Java thread stack sizes (-Xss)
#   Set larger code cache with -XX:ReservedCodeCacheSize=
#   JVM is running with Unscaled Compressed Oops mode in which the Java heap is
#     placed in the first 4GB address space. The Java Heap base address is the
#     maximum limit for the native heap growth. Please use -XX:HeapBaseMinAddress
#     to set the Java Heap base and to place the Java Heap above 4GB virtual address.
# This output file may be truncated or incomplete.
#
#  Out of Memory Error (allocation.cpp:389), pid=19000, tid=0x00000000000041e4
#
# JRE version: OpenJDK Runtime Environment (8.0_242-b01) (build 1.8.0_242-release-1644-b01)
# Java VM: OpenJDK 64-Bit Server VM (25.242-b01 mixed mode windows-amd64 compressed oops)
# Failed to write core dump. Minidumps are not enabled by default on client versions of Windows
#

---------------  T H R E A D  ---------------

Current thread (0x0000000001ed3800):  JavaThread "C2 CompilerThread0" daemon [_thread_in_native, id=16868, stack(0x0000000017520000,0x0000000017620000)]

Stack: [0x0000000017520000,0x0000000017620000]
[error occurred during error reporting (printing stack bounds), id 0xc0000005]

Native frames: (J=compiled Java code, j=interpreted, Vv=VM code, C=native code)


Current CompileTask:
C2:15440940 22893       4       com.android.builder.symbols.BytecodeRClassWriterKt::generateResourceTypeClass (595 bytes)


---------------  P R O C E S S  ---------------

Java Threads: ( => current thread )
  0x000000001789e000 JavaThread "WorkerExecutor Queue Thread 5" [_thread_blocked, id=5408, stack(0x000000002fc70000,0x000000002fd70000)]
  0x00000000178a4800 JavaThread "stdout" [_thread_in_native, id=29836, stack(0x000000002fef0000,0x000000002fff0000)]
  0x00000000178a4000 JavaThread "stderr" [_thread_in_native, id=2536, stack(0x000000002fdf0000,0x000000002fef0000)]
  0x000000001789f800 JavaThread "stdout" [_thread_in_native, id=28748, stack(0x000000002fb70000,0x000000002fc70000)]
  0x00000000178a2800 JavaThread "stderr" [_thread_in_native, id=16652, stack(0x000000002fa70000,0x000000002fb70000)]
  0x00000000178a1000 JavaThread "stdout" [_thread_in_native, id=25748, stack(0x000000002f970000,0x000000002fa70000)]
  0x000000002129c800 JavaThread "stderr" [_thread_in_native, id=31248, stack(0x000000002d660000,0x000000002d760000)]
  0x000000002129b800 JavaThread "stdout" [_thread_in_native, id=23860, stack(0x000000002cd60000,0x000000002ce60000)]
  0x000000002129a000 JavaThread "stderr" [_thread_in_native, id=32016, stack(0x000000002cc60000,0x000000002cd60000)]
  0x0000000021292800 JavaThread "pool-15-thread-1" [_thread_blocked, id=11608, stack(0x000000002cb60000,0x000000002cc60000)]
  0x0000000021299800 JavaThread "WorkerExecutor Queue Thread 4" [_thread_blocked, id=32524, stack(0x000000002c660000,0x000000002c760000)]
  0x0000000021296800 JavaThread "WorkerExecutor Queue Thread 3" [_thread_in_native, id=22932, stack(0x00000000253b0000,0x00000000254b0000)]
  0x0000000021295800 JavaThread "WorkerExecutor Queue Thread 2" [_thread_blocked, id=3752, stack(0x00000000252b0000,0x00000000253b0000)]
  0x0000000021292000 JavaThread "Cache worker for execution history cache (C:\Users\lenovo\Documents\GitHub\ProjectPanda\.gradle\5.6.4\executionHistory)" [_thread_blocked, id=23820, stack(0x00000000250b0000,0x00000000251b0000)]
  0x0000000021291000 JavaThread "Execution worker for ':' Thread 3" [_thread_blocked, id=29708, stack(0x0000000024fb0000,0x00000000250b0000)]
  0x0000000021297000 JavaThread "Execution worker for ':' Thread 2" [_thread_blocked, id=24504, stack(0x0000000024c20000,0x0000000024d20000)]
  0x000000002128f000 JavaThread "Execution worker for ':'" [_thread_blocked, id=23436, stack(0x0000000024b20000,0x0000000024c20000)]
  0x00000000280a2800 JavaThread "Cache worker for file content cache (C:\Users\lenovo\Documents\GitHub\ProjectPanda\.gradle\5.6.4\fileContent)" [_thread_blocked, id=25904, stack(0x00000000246c0000,0x00000000247c0000)]
  0x00000000280a2000 JavaThread "Cache worker for Build Output Cleanup Cache (C:\Users\lenovo\Documents\GitHub\ProjectPanda\.gradle\buildOutputCleanup)" [_thread_blocked, id=16132, stack(0x00000000245c0000,0x00000000246c0000)]
  0x000000002809f800 JavaThread "pool-11-thread-1" [_thread_blocked, id=1616, stack(0x00000000244c0000,0x00000000245c0000)]
  0x000000002809e000 JavaThread "Build operations Thread 4" [_thread_blocked, id=6644, stack(0x0000000022510000,0x0000000022610000)]
  0x00000000280a1000 JavaThread "Build operations Thread 3" [_thread_blocked, id=19228, stack(0x0000000022210000,0x0000000022310000)]
  0x00000000280a4000 JavaThread "Build operations Thread 2" [_thread_blocked, id=29940, stack(0x0000000021d10000,0x0000000021e10000)]
  0x00000000280a3800 JavaThread "Build operations" [_thread_blocked, id=15704, stack(0x0000000020960000,0x0000000020a60000)]
  0x0000000028096800 JavaThread "Cache worker for cache directory md-rule (C:\Users\lenovo\.gradle\caches\5.6.4\md-rule)" [_thread_blocked, id=16176, stack(0x000000001fd60000,0x000000001fe60000)]
  0x000000002809a000 JavaThread "Cache worker for cache directory md-supplier (C:\Users\lenovo\.gradle\caches\5.6.4\md-supplier)" [_thread_blocked, id=31256, stack(0x000000001e5a0000,0x000000001e6a0000)]
  0x0000000028098800 JavaThread "Cache worker for file hash cache (C:\Users\lenovo\Documents\GitHub\ProjectPanda\.gradle\5.6.4\fileHashes)" [_thread_blocked, id=19780, stack(0x000000001e1e0000,0x000000001e2e0000)]
  0x000000002809c800 JavaThread "Thread-95" [_thread_blocked, id=24220, stack(0x000000001b740000,0x000000001b840000)]
  0x0000000028099800 JavaThread "Stdin handler" [_thread_blocked, id=12816, stack(0x000000001b640000,0x000000001b740000)]
  0x000000002809b800 JavaThread "Asynchronous log dispatcher for DefaultDaemonConnection: socket connection from /127.0.0.1:53675 to /127.0.0.1:59441" [_thread_blocked, id=15376, stack(0x000000001b540000,0x000000001b640000)]
  0x0000000028095000 JavaThread "Daemon worker Thread 5" [_thread_blocked, id=9592, stack(0x000000001b440000,0x000000001b540000)]
  0x0000000028098000 JavaThread "Cancel handler" [_thread_blocked, id=27704, stack(0x000000001b340000,0x000000001b440000)]
  0x0000000028097000 JavaThread "Handler for socket connection from /127.0.0.1:53675 to /127.0.0.1:59441" [_thread_in_native, id=7568, stack(0x000000001b040000,0x000000001b140000)]
  0x000000002809b000 JavaThread "Daemon Thread 5" [_thread_blocked, id=31916, stack(0x000000001af40000,0x000000001b040000)]
  0x000000002128e000 JavaThread "Cache worker for Java compile cache (C:\Users\lenovo\.gradle\caches\5.6.4\javaCompile)" [_thread_blocked, id=23912, stack(0x000000002c560000,0x000000002c660000)]
  0x0000000018b80000 JavaThread "Cache worker for file content cache (C:\Users\lenovo\.gradle\caches\5.6.4\fileContent)" [_thread_blocked, id=19128, stack(0x0000000024820000,0x0000000024920000)]
  0x00000000178a1800 JavaThread "Memory manager" [_thread_blocked, id=15472, stack(0x0000000000980000,0x0000000000a80000)]
  0x000000001789d000 JavaThread "Cache worker for execution history cache (C:\Users\lenovo\.gradle\caches\5.6.4\executionHistory)" [_thread_blocked, id=2616, stack(0x0000000020060000,0x0000000020160000)]
  0x0000000018b80800 JavaThread "Cache worker for journal cache (C:\Users\lenovo\.gradle\caches\journal-1)" [_thread_blocked, id=22776, stack(0x000000001bc40000,0x000000001bd40000)]
  0x0000000018b7a000 JavaThread "File lock request listener" [_thread_in_native, id=1304, stack(0x000000001bb40000,0x000000001bc40000)]
  0x0000000018b7a800 JavaThread "Cache worker for file hash cache (C:\Users\lenovo\.gradle\caches\5.6.4\fileHashes)" [_thread_blocked, id=28840, stack(0x000000001ba40000,0x000000001bb40000)]
  0x000000001877b800 JavaThread "Daemon periodic checks" [_thread_blocked, id=31472, stack(0x000000001ae40000,0x000000001af40000)]
  0x00000000187ea000 JavaThread "Incoming local TCP Connector on port 53675" [_thread_in_native, id=14984, stack(0x000000001ac00000,0x000000001ad00000)]
  0x0000000019708800 JavaThread "Daemon health stats" [_thread_blocked, id=29636, stack(0x000000001a5c0000,0x000000001a6c0000)]
  0x0000000017753800 JavaThread "Service Thread" daemon [_thread_blocked, id=7832, stack(0x0000000017c20000,0x0000000017d20000)]
  0x0000000017730800 JavaThread "C1 CompilerThread2" daemon [_thread_blocked, id=22620, stack(0x0000000017b20000,0x0000000017c20000)]
  0x0000000001eda800 JavaThread "C2 CompilerThread1" daemon [_thread_blocked, id=18128, stack(0x0000000017620000,0x0000000017720000)]
=>0x0000000001ed3800 JavaThread "C2 CompilerThread0" daemon [_thread_in_native, id=16868, stack(0x0000000017520000,0x0000000017620000)]
  0x0000000001ed2000 JavaThread "Attach Listener" daemon [_thread_blocked, id=27024, stack(0x0000000017420000,0x0000000017520000)]
  0x0000000001ed0800 JavaThread "Signal Dispatcher" daemon [_thread_blocked, id=9856, stack(0x0000000017320000,0x0000000017420000)]
  0x000000000105b000 JavaThread "Finalizer" daemon [_thread_blocked, id=32144, stack(0x0000000017120000,0x0000000017220000)]
  0x0000000001eb9000 JavaThread "Reference Handler" daemon [_thread_blocked, id=30752, stack(0x0000000017020000,0x0000000017120000)]
  0x000000000060e800 JavaThread "main" [_thread_blocked, id=23888, stack(0x0000000000e10000,0x0000000000f10000)]

Other Threads:
  0x0000000001e97800 VMThread [stack: 0x0000000016f20000,0x0000000017020000] [id=19216]
  0x0000000017754000 WatcherThread [stack: 0x0000000017d20000,0x0000000017e20000] [id=27388]

VM state:not at safepoint (normal execution)

VM Mutex/Monitor currently owned by a thread: None

heap address: 0x00000000a0000000, size: 1536 MB, Compressed Oops mode: 32-bit
Narrow klass base: 0x0000000000000000, Narrow klass shift: 3
Compressed class space size: 1073741824 Address: 0x0000000100000000

Heap:
 PSYoungGen      total 471040K, used 333112K [0x00000000e0000000, 0x0000000100000000, 0x0000000100000000)
  eden space 424448K, 72% used [0x00000000e0000000,0x00000000f2ca6240,0x00000000f9e80000)
  from space 46592K, 54% used [0x00000000f9e80000,0x00000000fb727f60,0x00000000fcc00000)
  to   space 46592K, 0% used [0x00000000fd280000,0x00000000fd280000,0x0000000100000000)
 ParOldGen       total 193024K, used 110838K [0x00000000a0000000, 0x00000000abc80000, 0x00000000e0000000)
  object space 193024K, 57% used [0x00000000a0000000,0x00000000a6c3d828,0x00000000abc80000)
 Metaspace       used 108741K, capacity 114110K, committed 114304K, reserved 1148928K
  class space    used 13971K, capacity 15106K, committed 15232K, reserved 1048576K

Card table byte_map: [0x0000000001420000,0x0000000001730000] byte_map_base: 0x0000000000f20000

Marking Bits: (ParMarkBitMap*) 0x0000000060ebf030
 Begin Bits: [0x0000000012410000, 0x0000000013c10000)
 End Bits:   [0x0000000013c10000, 0x0000000015410000)

Polling page: 0x00000000001d0000

CodeCache: size=245760Kb used=65169Kb max_used=65186Kb free=180590Kb
 bounds [0x0000000003410000, 0x0000000007410000, 0x0000000012410000]
 total_blobs=19172 nmethods=18221 adapters=862
 compilation: enabled

Compilation events (10 events):
Event: 15440.484 Thread 0x0000000017730800 22904       1       com.android.ide.common.symbols.Symbol$StyleableSymbol::getJavaType (4 bytes)
Event: 15440.484 Thread 0x0000000017730800 nmethod 22904 0x00000000039b10d0 code [0x00000000039b1220, 0x00000000039b1330]
Event: 15440.492 Thread 0x0000000001eda800 22905       4       kotlin.sequences.SequencesKt___SequencesKt::joinTo (160 bytes)
Event: 15440.582 Thread 0x0000000017730800 22906       3       com.android.builder.symbols.BytecodeRClassWriterKt::exportToCompiledJava (218 bytes)
Event: 15440.586 Thread 0x0000000017730800 nmethod 22906 0x00000000054729d0 code [0x0000000005472d20, 0x0000000005474638]
Event: 15440.655 Thread 0x0000000001eda800 nmethod 22905 0x0000000007403b50 code [0x0000000007403ee0, 0x0000000007406530]
Event: 15440.655 Thread 0x0000000001eda800 22907       4       com.google.common.collect.Lists::newArrayList (36 bytes)
Event: 15440.660 Thread 0x0000000001eda800 nmethod 22907 0x00000000073f4c10 code [0x00000000073f4da0, 0x00000000073f5108]
Event: 15440.708 Thread 0x0000000001eda800 22908       4       com.google.common.collect.ImmutableCollection::toArray (8 bytes)
Event: 15440.715 Thread 0x0000000001eda800 nmethod 22908 0x00000000073f4390 code [0x00000000073f4500, 0x00000000073f4878]

GC Heap History (10 events):
Event: 670.571 GC heap before
{Heap before GC invocations=19 (full 3):
 PSYoungGen      total 501760K, used 501757K [0x00000000e0000000, 0x0000000100000000, 0x0000000100000000)
  eden space 479232K, 100% used [0x00000000e0000000,0x00000000fd400000,0x00000000fd400000)
  from space 22528K, 99% used [0x00000000fd400000,0x00000000fe9ff458,0x00000000fea00000)
  to   space 22528K, 0% used [0x00000000fea00000,0x00000000fea00000,0x0000000100000000)
 ParOldGen       total 109056K, used 65662K [0x00000000a0000000, 0x00000000a6a80000, 0x00000000e0000000)
  object space 109056K, 60% used [0x00000000a0000000,0x00000000a401f9e8,0x00000000a6a80000)
 Metaspace       used 87026K, capacity 90548K, committed 90752K, reserved 1128448K
  class space    used 11327K, capacity 12111K, committed 12160K, reserved 1048576K
Event: 670.709 GC heap after
Heap after GC invocations=19 (full 3):
 PSYoungGen      total 446464K, used 22512K [0x00000000e0000000, 0x0000000100000000, 0x0000000100000000)
  eden space 423936K, 0% used [0x00000000e0000000,0x00000000e0000000,0x00000000f9e00000)
  from space 22528K, 99% used [0x00000000fea00000,0x00000000ffffc3f8,0x0000000100000000)
  to   space 50176K, 0% used [0x00000000f9e00000,0x00000000f9e00000,0x00000000fcf00000)
 ParOldGen       total 109056K, used 107054K [0x00000000a0000000, 0x00000000a6a80000, 0x00000000e0000000)
  object space 109056K, 98% used [0x00000000a0000000,0x00000000a688bba0,0x00000000a6a80000)
 Metaspace       used 87026K, capacity 90548K, committed 90752K, reserved 1128448K
  class space    used 11327K, capacity 12111K, committed 12160K, reserved 1048576K
}
Event: 670.710 GC heap before
{Heap before GC invocations=20 (full 4):
 PSYoungGen      total 446464K, used 22512K [0x00000000e0000000, 0x0000000100000000, 0x0000000100000000)
  eden space 423936K, 0% used [0x00000000e0000000,0x00000000e0000000,0x00000000f9e00000)
  from space 22528K, 99% used [0x00000000fea00000,0x00000000ffffc3f8,0x0000000100000000)
  to   space 50176K, 0% used [0x00000000f9e00000,0x00000000f9e00000,0x00000000fcf00000)
 ParOldGen       total 109056K, used 107054K [0x00000000a0000000, 0x00000000a6a80000, 0x00000000e0000000)
  object space 109056K, 98% used [0x00000000a0000000,0x00000000a688bba0,0x00000000a6a80000)
 Metaspace       used 87026K, capacity 90548K, committed 90752K, reserved 1128448K
  class space    used 11327K, capacity 12111K, committed 12160K, reserved 1048576K
Event: 671.473 GC heap after
Heap after GC invocations=20 (full 4):
 PSYoungGen      total 446464K, used 0K [0x00000000e0000000, 0x0000000100000000, 0x0000000100000000)
  eden space 423936K, 0% used [0x00000000e0000000,0x00000000e0000000,0x00000000f9e00000)
  from space 22528K, 0% used [0x00000000fea00000,0x00000000fea00000,0x0000000100000000)
  to   space 50176K, 0% used [0x00000000f9e00000,0x00000000f9e00000,0x00000000fcf00000)
 ParOldGen       total 193024K, used 104776K [0x00000000a0000000, 0x00000000abc80000, 0x00000000e0000000)
  object space 193024K, 54% used [0x00000000a0000000,0x00000000a66520d8,0x00000000abc80000)
 Metaspace       used 86919K, capacity 90244K, committed 90752K, reserved 1128448K
  class space    used 11292K, capacity 12049K, committed 12160K, reserved 1048576K
}
Event: 6305.919 GC heap before
{Heap before GC invocations=21 (full 4):
 PSYoungGen      total 446464K, used 423936K [0x00000000e0000000, 0x0000000100000000, 0x0000000100000000)
  eden space 423936K, 100% used [0x00000000e0000000,0x00000000f9e00000,0x00000000f9e00000)
  from space 22528K, 0% used [0x00000000fea00000,0x00000000fea00000,0x0000000100000000)
  to   space 50176K, 0% used [0x00000000f9e00000,0x00000000f9e00000,0x00000000fcf00000)
 ParOldGen       total 193024K, used 104776K [0x00000000a0000000, 0x00000000abc80000, 0x00000000e0000000)
  object space 193024K, 54% used [0x00000000a0000000,0x00000000a66520d8,0x00000000abc80000)
 Metaspace       used 103313K, capacity 107856K, committed 108160K, reserved 1142784K
  class space    used 13432K, capacity 14401K, committed 14464K, reserved 1048576K
Event: 6306.936 GC heap after
Heap after GC invocations=21 (full 4):
 PSYoungGen      total 474112K, used 24039K [0x00000000e0000000, 0x0000000100000000, 0x0000000100000000)
  eden space 423936K, 0% used [0x00000000e0000000,0x00000000e0000000,0x00000000f9e00000)
  from space 50176K, 47% used [0x00000000f9e00000,0x00000000fb579ce8,0x00000000fcf00000)
  to   space 49664K, 0% used [0x00000000fcf80000,0x00000000fcf80000,0x0000000100000000)
 ParOldGen       total 193024K, used 104800K [0x00000000a0000000, 0x00000000abc80000, 0x00000000e0000000)
  object space 193024K, 54% used [0x00000000a0000000,0x00000000a66580d8,0x00000000abc80000)
 Metaspace       used 103313K, capacity 107856K, committed 108160K, reserved 1142784K
  class space    used 13432K, capacity 14401K, committed 14464K, reserved 1048576K
}
Event: 12790.776 GC heap before
{Heap before GC invocations=22 (full 4):
 PSYoungGen      total 474112K, used 447975K [0x00000000e0000000, 0x0000000100000000, 0x0000000100000000)
  eden space 423936K, 100% used [0x00000000e0000000,0x00000000f9e00000,0x00000000f9e00000)
  from space 50176K, 47% used [0x00000000f9e00000,0x00000000fb579ce8,0x00000000fcf00000)
  to   space 49664K, 0% used [0x00000000fcf80000,0x00000000fcf80000,0x0000000100000000)
 ParOldGen       total 193024K, used 104800K [0x00000000a0000000, 0x00000000abc80000, 0x00000000e0000000)
  object space 193024K, 54% used [0x00000000a0000000,0x00000000a66580d8,0x00000000abc80000)
 Metaspace       used 103801K, capacity 108418K, committed 108672K, reserved 1142784K
  class space    used 13443K, capacity 14418K, committed 14464K, reserved 1048576K
Event: 12791.721 GC heap after
Heap after GC invocations=22 (full 4):
 PSYoungGen      total 467456K, used 16066K [0x00000000e0000000, 0x00000000ff980000, 0x0000000100000000)
  eden space 424448K, 0% used [0x00000000e0000000,0x00000000e0000000,0x00000000f9e80000)
  from space 43008K, 37% used [0x00000000fcf80000,0x00000000fdf30b08,0x00000000ff980000)
  to   space 46592K, 0% used [0x00000000f9e80000,0x00000000f9e80000,0x00000000fcc00000)
 ParOldGen       total 193024K, used 110386K [0x00000000a0000000, 0x00000000abc80000, 0x00000000e0000000)
  object space 193024K, 57% used [0x00000000a0000000,0x00000000a6bcc9d8,0x00000000abc80000)
 Metaspace       used 103801K, capacity 108418K, committed 108672K, reserved 1142784K
  class space    used 13443K, capacity 14418K, committed 14464K, reserved 1048576K
}
Event: 15406.683 GC heap before
{Heap before GC invocations=23 (full 4):
 PSYoungGen      total 467456K, used 440514K [0x00000000e0000000, 0x00000000ff980000, 0x0000000100000000)
  eden space 424448K, 100% used [0x00000000e0000000,0x00000000f9e80000,0x00000000f9e80000)
  from space 43008K, 37% used [0x00000000fcf80000,0x00000000fdf30b08,0x00000000ff980000)
  to   space 46592K, 0% used [0x00000000f9e80000,0x00000000f9e80000,0x00000000fcc00000)
 ParOldGen       total 193024K, used 110386K [0x00000000a0000000, 0x00000000abc80000, 0x00000000e0000000)
  object space 193024K, 57% used [0x00000000a0000000,0x00000000a6bcc9d8,0x00000000abc80000)
 Metaspace       used 107377K, capacity 112688K, committed 112768K, reserved 1146880K
  class space    used 13861K, capacity 14953K, committed 14976K, reserved 1048576K
Event: 15407.285 GC heap after
Heap after GC invocations=23 (full 4):
 PSYoungGen      total 471040K, used 25247K [0x00000000e0000000, 0x0000000100000000, 0x0000000100000000)
  eden space 424448K, 0% used [0x00000000e0000000,0x00000000e0000000,0x00000000f9e80000)
  from space 46592K, 54% used [0x00000000f9e80000,0x00000000fb727f60,0x00000000fcc00000)
  to   space 46592K, 0% used [0x00000000fd280000,0x00000000fd280000,0x0000000100000000)
 ParOldGen       total 193024K, used 110838K [0x00000000a0000000, 0x00000000abc80000, 0x00000000e0000000)
  object space 193024K, 57% used [0x00000000a0000000,0x00000000a6c3d828,0x00000000abc80000)
 Metaspace       used 107377K, capacity 112688K, committed 112768K, reserved 1146880K
  class space    used 13861K, capacity 14953K, committed 14976K, reserved 1048576K
}

Deoptimization events (10 events):
Event: 15429.295 Thread 0x0000000021291000 Uncommon trap: reason=class_check action=maybe_recompile pc=0x0000000004629570 method=com.sun.org.apache.xerces.internal.dom.ElementImpl.getAttribute(Ljava/lang/String;)Ljava/lang/String; @ 32
Event: 15429.368 Thread 0x0000000021291000 Uncommon trap: reason=bimorphic action=maybe_recompile pc=0x0000000005a59314 method=com.google.common.collect.RegularImmutableMap.fromEntryArray(I[Ljava/util/Map$Entry;)Lcom/google/common/collect/ImmutableMap; @ 95
Event: 15429.473 Thread 0x0000000021291000 Uncommon trap: reason=unstable_if action=reinterpret pc=0x0000000004292f84 method=org.gradle.internal.logging.text.AbstractLineChoppingStyledTextOutput$2.execute(Lorg/gradle/internal/logging/text/AbstractLineChoppingStyledTextOutput$StateContext;)V @ 30
Event: 15429.733 Thread 0x0000000021291000 Uncommon trap: reason=unstable_if action=reinterpret pc=0x0000000007258cc0 method=com.google.gson.stream.JsonWriter.newline()V @ 4
Event: 15429.733 Thread 0x0000000021291000 Uncommon trap: reason=unstable_if action=reinterpret pc=0x00000000072489c8 method=com.google.gson.stream.JsonWriter.string(Ljava/lang/String;)V @ 4
Event: 15429.733 Thread 0x0000000021291000 Uncommon trap: reason=class_check action=maybe_recompile pc=0x0000000004ac3520 method=com.google.gson.stream.JsonWriter.beforeValue()V @ 111
Event: 15429.733 Thread 0x0000000021291000 Uncommon trap: reason=class_check action=maybe_recompile pc=0x0000000004ac3520 method=com.google.gson.stream.JsonWriter.beforeValue()V @ 111
Event: 15429.737 Thread 0x0000000021291000 Uncommon trap: reason=class_check action=maybe_recompile pc=0x0000000004ac3520 method=com.google.gson.stream.JsonWriter.beforeValue()V @ 111
Event: 15429.737 Thread 0x0000000021291000 Uncommon trap: reason=class_check action=maybe_recompile pc=0x0000000004ac3520 method=com.google.gson.stream.JsonWriter.beforeValue()V @ 111
Event: 15431.317 Thread 0x000000002128f000 Uncommon trap: reason=unstable_if action=reinterpret pc=0x0000000006952324 method=org.gradle.internal.execution.history.changes.SummarizingChangeContainer.accept(Lorg/gradle/internal/execution/history/changes/ChangeVisitor;)Z @ 56

Classes redefined (0 events):
No events

Internal exceptions (10 events):
Event: 15401.656 Thread 0x0000000028095000 Exception <a 'sun/nio/fs/WindowsException'> (0x00000000f4a62148) thrown at [C:\src\AOSP-openjdk-git\hotspot\src\share\vm\prims\jni.cpp, line 710]
Event: 15401.721 Thread 0x0000000021291000 Exception <a 'sun/nio/fs/WindowsException'> (0x00000000f4ee1a80) thrown at [C:\src\AOSP-openjdk-git\hotspot\src\share\vm\prims\jni.cpp, line 710]
Event: 15401.758 Thread 0x000000002128f000 Exception <a 'sun/nio/fs/WindowsException'> (0x00000000f4d95c78) thrown at [C:\src\AOSP-openjdk-git\hotspot\src\share\vm\prims\jni.cpp, line 710]
Event: 15403.949 Thread 0x0000000028095000 Exception <a 'java/lang/NoSuchMethodError': <clinit>> (0x00000000f73a69a0) thrown at [C:\src\AOSP-openjdk-git\hotspot\src\share\vm\prims\jni.cpp, line 1615]
Event: 15403.958 Thread 0x0000000028095000 Exception <a 'java/lang/NoSuchMethodError': <clinit>> (0x00000000f73bcc10) thrown at [C:\src\AOSP-openjdk-git\hotspot\src\share\vm\prims\jni.cpp, line 1615]
Event: 15415.016 Thread 0x000000002128f000 Implicit null exception at 0x0000000005a87ee3 to 0x0000000005a88add
Event: 15420.060 Thread 0x000000002128f000 Implicit null exception at 0x000000000693bd2b to 0x000000000693d4b1
Event: 15428.609 Thread 0x0000000021291000 Implicit null exception at 0x00000000036d8814 to 0x00000000036d8bbd
Event: 15440.070 Thread 0x0000000021296800 Exception <a 'sun/nio/fs/WindowsException'> (0x00000000f1879250) thrown at [C:\src\AOSP-openjdk-git\hotspot\src\share\vm\prims\jni.cpp, line 710]
Event: 15440.070 Thread 0x0000000021296800 Exception <a 'sun/nio/fs/WindowsException'> (0x00000000f18796f8) thrown at [C:\src\AOSP-openjdk-git\hotspot\src\share\vm\prims\jni.cpp, line 710]

Events (10 events):
Event: 15439.820 Thread 0x0000000021296800 DEOPT PACKING pc=0x0000000005a51e6b sp=0x00000000254ad9d0
Event: 15439.821 Thread 0x0000000021296800 DEOPT UNPACKING pc=0x00000000034575d0 sp=0x00000000254ad830 mode 0
Event: 15439.919 Thread 0x0000000021296800 DEOPT PACKING pc=0x0000000004ab961e sp=0x00000000254adb00
Event: 15439.919 Thread 0x0000000021296800 DEOPT UNPACKING pc=0x00000000034575d0 sp=0x00000000254ad8a0 mode 0
Event: 15439.970 Thread 0x0000000021296800 DEOPT PACKING pc=0x0000000005a51a5c sp=0x00000000254ad8f0
Event: 15439.970 Thread 0x0000000021296800 DEOPT UNPACKING pc=0x00000000034575d0 sp=0x00000000254ad750 mode 0
Event: 15440.014 Thread 0x0000000021296800 DEOPT PACKING pc=0x0000000005a51e6b sp=0x00000000254ad8d0
Event: 15440.014 Thread 0x0000000021296800 DEOPT UNPACKING pc=0x00000000034575d0 sp=0x00000000254ad730 mode 0
Event: 15440.037 Thread 0x0000000021296800 DEOPT PACKING pc=0x0000000005a51a5c sp=0x00000000254ad8d0
Event: 15440.037 Thread 0x0000000021296800 DEOPT UNPACKING pc=0x00000000034575d0 sp=0x00000000254ad730 mode 0


Dynamic libraries:
0x00007ff7a1de0000 - 0x00007ff7a1e11000 	C:\Program Files\Android\Android Studio\jre\bin\java.exe
0x00007ff8b6dc0000 - 0x00007ff8b6fb0000 	C:\WINDOWS\SYSTEM32\ntdll.dll
0x00007ff8b5e80000 - 0x00007ff8b5f32000 	C:\WINDOWS\System32\KERNEL32.DLL
0x00007ff8b4580000 - 0x00007ff8b4824000 	C:\WINDOWS\System32\KERNELBASE.dll
0x00007ff8b4ea0000 - 0x00007ff8b4f43000 	C:\WINDOWS\System32\ADVAPI32.dll
0x00007ff8b6bf0000 - 0x00007ff8b6c8e000 	C:\WINDOWS\System32\msvcrt.dll
0x00007ff8b6130000 - 0x00007ff8b61c7000 	C:\WINDOWS\System32\sechost.dll
0x00007ff8b62a0000 - 0x00007ff8b63c0000 	C:\WINDOWS\System32\RPCRT4.dll
0x00007ff8b5ce0000 - 0x00007ff8b5e74000 	C:\WINDOWS\System32\USER32.dll
0x00007ff8b4ca0000 - 0x00007ff8b4cc1000 	C:\WINDOWS\System32\win32u.dll
0x00007ff8b4e70000 - 0x00007ff8b4e96000 	C:\WINDOWS\System32\GDI32.dll
0x00007ff8b4cd0000 - 0x00007ff8b4e65000 	C:\WINDOWS\System32\gdi32full.dll
0x00007ff8b4a20000 - 0x00007ff8b4abe000 	C:\WINDOWS\System32\msvcp_win.dll
0x00007ff8b4830000 - 0x00007ff8b492a000 	C:\WINDOWS\System32\ucrtbase.dll
0x00007ff8a5b60000 - 0x00007ff8a5de4000 	C:\WINDOWS\WinSxS\amd64_microsoft.windows.common-controls_6595b64144ccf1df_6.0.18362.900_none_e6beb9d913147d17\COMCTL32.dll
0x00007ff8b5260000 - 0x00007ff8b5595000 	C:\WINDOWS\System32\combase.dll
0x00007ff8b4930000 - 0x00007ff8b49b0000 	C:\WINDOWS\System32\bcryptPrimitives.dll
0x00007ff8b55a0000 - 0x00007ff8b55ce000 	C:\WINDOWS\System32\IMM32.DLL
0x00000000617a0000 - 0x0000000061872000 	C:\Program Files\Android\Android Studio\jre\jre\bin\msvcr100.dll
0x00000000606f0000 - 0x0000000060f3b000 	C:\Program Files\Android\Android Studio\jre\jre\bin\server\jvm.dll
0x00007ff8b4f50000 - 0x00007ff8b4f58000 	C:\WINDOWS\System32\PSAPI.DLL
0x00007ff8ab190000 - 0x00007ff8ab1b4000 	C:\WINDOWS\SYSTEM32\WINMM.dll
0x00007ff8ab8a0000 - 0x00007ff8ab8aa000 	C:\WINDOWS\SYSTEM32\VERSION.dll
0x00007ff8a9980000 - 0x00007ff8a9989000 	C:\WINDOWS\SYSTEM32\WSOCK32.dll
0x00007ff8ab160000 - 0x00007ff8ab18d000 	C:\WINDOWS\SYSTEM32\winmmbase.dll
0x00007ff8b49d0000 - 0x00007ff8b4a1a000 	C:\WINDOWS\System32\cfgmgr32.dll
0x00007ff8b60c0000 - 0x00007ff8b612f000 	C:\WINDOWS\System32\WS2_32.dll
0x00007ff8b0a20000 - 0x00007ff8b0a2f000 	C:\Program Files\Android\Android Studio\jre\jre\bin\verify.dll
0x00007ff8af420000 - 0x00007ff8af449000 	C:\Program Files\Android\Android Studio\jre\jre\bin\java.dll
0x00007ff8b02a0000 - 0x00007ff8b02b6000 	C:\Program Files\Android\Android Studio\jre\jre\bin\zip.dll
0x00007ff8b63c0000 - 0x00007ff8b6aa6000 	C:\WINDOWS\System32\SHELL32.dll
0x00007ff8b5c00000 - 0x00007ff8b5ca9000 	C:\WINDOWS\System32\shcore.dll
0x00007ff8b3d50000 - 0x00007ff8b44d0000 	C:\WINDOWS\System32\windows.storage.dll
0x00007ff8b3d00000 - 0x00007ff8b3d23000 	C:\WINDOWS\System32\profapi.dll
0x00007ff8b3c90000 - 0x00007ff8b3cda000 	C:\WINDOWS\System32\powrprof.dll
0x00007ff8b3c80000 - 0x00007ff8b3c90000 	C:\WINDOWS\System32\UMPDC.dll
0x00007ff8b4fe0000 - 0x00007ff8b5032000 	C:\WINDOWS\System32\shlwapi.dll
0x00007ff8b3ce0000 - 0x00007ff8b3cf1000 	C:\WINDOWS\System32\kernel.appcore.dll
0x00007ff8b49b0000 - 0x00007ff8b49c7000 	C:\WINDOWS\System32\cryptsp.dll
0x00007ff8affe0000 - 0x00007ff8afffa000 	C:\Program Files\Android\Android Studio\jre\jre\bin\net.dll
0x00007ff8b3490000 - 0x00007ff8b34f7000 	C:\WINDOWS\system32\mswsock.dll
0x00007ff8afc60000 - 0x00007ff8afc73000 	C:\Program Files\Android\Android Studio\jre\jre\bin\nio.dll
0x00007ff8aa700000 - 0x00007ff8aa726000 	C:\Users\lenovo\.gradle\native\30\windows-amd64\native-platform.dll
0x00007ff8b0a10000 - 0x00007ff8b0a1d000 	C:\Program Files\Android\Android Studio\jre\jre\bin\management.dll
0x00007ff8b3000000 - 0x00007ff8b3033000 	C:\WINDOWS\system32\rsaenh.dll
0x00007ff8b4c70000 - 0x00007ff8b4c96000 	C:\WINDOWS\System32\bcrypt.dll
0x00007ff8b3ba0000 - 0x00007ff8b3bc5000 	C:\WINDOWS\SYSTEM32\USERENV.dll
0x00007ff8b3660000 - 0x00007ff8b366c000 	C:\WINDOWS\SYSTEM32\CRYPTBASE.dll
0x00007ff8b31a0000 - 0x00007ff8b31da000 	C:\WINDOWS\SYSTEM32\IPHLPAPI.DLL
0x00007ff8b5cb0000 - 0x00007ff8b5cb8000 	C:\WINDOWS\System32\NSI.dll
0x00007ff8adbc0000 - 0x00007ff8adbd6000 	C:\WINDOWS\SYSTEM32\dhcpcsvc6.DLL
0x00007ff8adac0000 - 0x00007ff8adadc000 	C:\WINDOWS\SYSTEM32\dhcpcsvc.DLL
0x00007ff8b31e0000 - 0x00007ff8b32ab000 	C:\WINDOWS\SYSTEM32\DNSAPI.dll
0x00007ff8aca10000 - 0x00007ff8aca34000 	C:\Program Files\Android\Android Studio\jre\jre\bin\sunec.dll
0x00007ff8abcd0000 - 0x00007ff8abcda000 	C:\Windows\System32\rasadhlp.dll
0x00007ff8ad880000 - 0x00007ff8ad8f7000 	C:\WINDOWS\System32\fwpuclnt.dll
0x00007ff8aead0000 - 0x00007ff8aeadb000 	C:\Program Files\Android\Android Studio\jre\jre\bin\sunmscapi.dll
0x00007ff8b4b20000 - 0x00007ff8b4c69000 	C:\WINDOWS\System32\CRYPT32.dll
0x00007ff8b3d30000 - 0x00007ff8b3d42000 	C:\WINDOWS\System32\MSASN1.dll
0x00007ff8b2ce0000 - 0x00007ff8b2d11000 	C:\WINDOWS\SYSTEM32\ntmarta.dll

VM Arguments:
jvm_args: -Xmx1536m -Dfile.encoding=windows-1252 -Duser.country=US -Duser.language=en -Duser.variant 
java_command: org.gradle.launcher.daemon.bootstrap.GradleDaemon 5.6.4
java_class_path (initial): C:\Users\lenovo\.gradle\wrapper\dists\gradle-5.6.4-all\ankdp27end7byghfw1q2sw75f\gradle-5.6.4\lib\gradle-launcher-5.6.4.jar
Launcher Type: SUN_STANDARD

Environment Variables:
PATH=C:\Program Files (x86)\Common Files\Oracle\Java\javapath;C:\Program Files (x86)\NVIDIA Corporation\PhysX\Common;C:\ProgramData\Oracle\Java\javapath;C:\WINDOWS\system32;C:\WINDOWS;C:\WINDOWS\System32\Wbem;C:\WINDOWS\System32\WindowsPowerShell\v1.0\;C:\TDM-GCC-32\bin;C:\Program Files (x86)\Skype\Phone\;C:\Program Files\nodejs\;C:\WINDOWS\System32\OpenSSH\;C:\Sdk\tools;C:\Sdk\platform-tools;C:\Sdk\tools\bin;C:\Users\lenovo\AppData\Local\Programs\Python\Python38\Scripts\;C:\Users\lenovo\AppData\Local\Programs\Python\Python38\;C:\Ruby26-x64\bin;C:\Ruby27-x64\bin;C:\Ruby23\bin;C:\Users\lenovo\AppData\Local\Microsoft\WindowsApps;C:\Users\lenovo\AppData\Local\GitHubDesktop\bin;C:\Users\lenovo\AppData\Roaming\npm;C:\Users\lenovo\AppData\Local\Microsoft\WindowsApps
USERNAME=lenovo
OS=Windows_NT
PROCESSOR_IDENTIFIER=Intel64 Family 6 Model 61 Stepping 4, GenuineIntel



---------------  S Y S T E M  ---------------

OS: Windows 10.0 , 64 bit Build 18362 (10.0.18362.900)

CPU:total 4 (initial active 4) (2 cores per cpu, 2 threads per core) family 6 model 61 stepping 4, cmov, cx8, fxsr, mmx, sse, sse2, sse3, ssse3, sse4.1, sse4.2, popcnt, avx, avx2, aes, clmul, erms, 3dnowpref, lzcnt, ht, tsc, tscinvbit, bmi1, bmi2, adx

Memory: 4k page, physical 8304292k(313120k free), swap 23703900k(2212k free)

vm_info: OpenJDK 64-Bit Server VM (25.242-b01) for windows-amd64 JRE (1.8.0_242-release-1644-b01), built by "builder" with MS VC++ 10.0 (VS2010)

time: Sun Jun 28 04:28:47 2020
timezone: GTB Daylight Time
elapsed time: 15440 seconds (0d 4h 17m 20s)

